<?xml version="1.0" encoding="UTF-8"?>
<robot generator="Robot 6.1.1 (Python 3.12.1 on win32)" generated="20240110 22:23:48.896" rpa="false" schemaversion="4">
<suite id="s1" name="Suites" source="C:\Users\Rachmakiki\Desktop\Sanber52-Team15-MobileAutomationTesting\suites">
<suite id="s1-s1" name="searchSuite" source="C:\Users\Rachmakiki\Desktop\Sanber52-Team15-MobileAutomationTesting\suites\searchSuite.robot">
<test id="s1-s1-t1" name="User should be able to Search Booking Number" line="17">
<kw name="Open Flight Application" library="base" type="SETUP">
<kw name="Open Application" library="AppiumLibrary">
<arg>remote_url=${REMOTE_URL}</arg>
<arg>platformName=${PLATFORM_NAME}</arg>
<arg>platformVersion=${PLATFORM_VERSION}</arg>
<arg>deviceName=${DEVICE_NAME}</arg>
<arg>appPackage=${APP_PACKAGE}</arg>
<arg>appActivity=${APP_ACTIVITY}</arg>
<doc>Opens a new application to given Appium server.
Capabilities of appium server, Android and iOS,
Please check https://github.com/appium/appium/blob/master/docs/en/writing-running-appium/server-args.md
| *Option*            | *Man.* | *Description*     |
| remote_url          | Yes    | Appium server url |
| alias               | no     | alias             |
| strict_ssl          | No     | allows you to send commands to an invalid certificate host like a self-signed one. |</doc>
<status status="PASS" starttime="20240110 22:23:49.953" endtime="20240110 22:24:01.769"/>
</kw>
<status status="PASS" starttime="20240110 22:23:49.952" endtime="20240110 22:24:01.770"/>
</kw>
<kw name="Verify Home Page Appears" library="homePage">
<kw name="Wait Until Element Is Visible" library="AppiumLibrary">
<arg>${logo_homePage}</arg>
<doc>Waits until element specified with `locator` is visible.</doc>
<msg timestamp="20240110 22:24:03.173" level="INFO">xpath criteria: //android.widget.ImageView[@resource-id="com.example.myapplication:id/imageView4"]</msg>
<status status="PASS" starttime="20240110 22:24:01.774" endtime="20240110 22:24:03.174"/>
</kw>
<status status="PASS" starttime="20240110 22:24:01.773" endtime="20240110 22:24:03.174"/>
</kw>
<kw name="Click Sign In Button in Home Page" library="homePage">
<kw name="Click Element" library="AppiumLibrary">
<arg>${signIn_homePage}</arg>
<doc>Click element identified by `locator`.</doc>
<msg timestamp="20240110 22:24:03.180" level="INFO">Clicking element '//android.widget.Button[@resource-id="com.example.myapplication:id/login"]'.</msg>
<msg timestamp="20240110 22:24:03.482" level="INFO">xpath criteria: //android.widget.Button[@resource-id="com.example.myapplication:id/login"]</msg>
<status status="PASS" starttime="20240110 22:24:03.175" endtime="20240110 22:24:03.482"/>
</kw>
<status status="PASS" starttime="20240110 22:24:03.175" endtime="20240110 22:24:03.483"/>
</kw>
<kw name="Verify Login Page Appears" library="loginPage">
<kw name="Wait Until Element Is Visible" library="AppiumLibrary">
<arg>${username_input_loginPage}</arg>
<doc>Waits until element specified with `locator` is visible.</doc>
<msg timestamp="20240110 22:24:04.743" level="INFO">xpath criteria: //android.widget.EditText[@resource-id="com.example.myapplication:id/username"]
xpath criteria: //android.widget.EditText[@resource-id="com.example.myapplication:id/username"]</msg>
<status status="PASS" starttime="20240110 22:24:03.484" endtime="20240110 22:24:04.743"/>
</kw>
<kw name="Wait Until Element Is Visible" library="AppiumLibrary">
<arg>${password_input_loginPage}</arg>
<doc>Waits until element specified with `locator` is visible.</doc>
<msg timestamp="20240110 22:24:04.949" level="INFO">xpath criteria: //android.widget.EditText[@resource-id="com.example.myapplication:id/password"]</msg>
<status status="PASS" starttime="20240110 22:24:04.743" endtime="20240110 22:24:04.949"/>
</kw>
<kw name="Wait Until Element Is Visible" library="AppiumLibrary">
<arg>${signIn_loginPage}</arg>
<doc>Waits until element specified with `locator` is visible.</doc>
<msg timestamp="20240110 22:24:05.156" level="INFO">xpath criteria: //android.widget.Button[@resource-id="com.example.myapplication:id/signIn"]</msg>
<status status="PASS" starttime="20240110 22:24:04.949" endtime="20240110 22:24:05.157"/>
</kw>
<status status="PASS" starttime="20240110 22:24:03.483" endtime="20240110 22:24:05.157"/>
</kw>
<kw name="Input Username on Login Page" library="loginPage">
<arg>${VALID_EMAIL}</arg>
<kw name="Input Text" library="AppiumLibrary">
<arg>${username_input_loginPage}</arg>
<arg>${email}</arg>
<doc>Types the given `text` into text field identified by `locator`.</doc>
<msg timestamp="20240110 22:24:05.164" level="INFO">Typing text 'support@ngendigital.com' into text field '//android.widget.EditText[@resource-id="com.example.myapplication:id/username"]'</msg>
<msg timestamp="20240110 22:24:05.401" level="INFO">xpath criteria: //android.widget.EditText[@resource-id="com.example.myapplication:id/username"]</msg>
<status status="PASS" starttime="20240110 22:24:05.158" endtime="20240110 22:24:05.401"/>
</kw>
<status status="PASS" starttime="20240110 22:24:05.157" endtime="20240110 22:24:05.401"/>
</kw>
<kw name="Input Password on Login Page" library="loginPage">
<arg>${VALID_PASSWORD}</arg>
<kw name="Input Text" library="AppiumLibrary">
<arg>${password_input_loginPage}</arg>
<arg>${password}</arg>
<doc>Types the given `text` into text field identified by `locator`.</doc>
<msg timestamp="20240110 22:24:05.405" level="INFO">Typing text 'abc123' into text field '//android.widget.EditText[@resource-id="com.example.myapplication:id/password"]'</msg>
<msg timestamp="20240110 22:24:06.105" level="INFO">xpath criteria: //android.widget.EditText[@resource-id="com.example.myapplication:id/password"]</msg>
<status status="PASS" starttime="20240110 22:24:05.403" endtime="20240110 22:24:06.106"/>
</kw>
<status status="PASS" starttime="20240110 22:24:05.402" endtime="20240110 22:24:06.106"/>
</kw>
<kw name="Click Sign In Button on Login Page" library="loginPage">
<kw name="Click Element" library="AppiumLibrary">
<arg>${signIn_loginPage}</arg>
<doc>Click element identified by `locator`.</doc>
<msg timestamp="20240110 22:24:06.112" level="INFO">Clicking element '//android.widget.Button[@resource-id="com.example.myapplication:id/signIn"]'.</msg>
<msg timestamp="20240110 22:24:06.872" level="INFO">xpath criteria: //android.widget.Button[@resource-id="com.example.myapplication:id/signIn"]</msg>
<status status="PASS" starttime="20240110 22:24:06.107" endtime="20240110 22:24:06.872"/>
</kw>
<status status="PASS" starttime="20240110 22:24:06.106" endtime="20240110 22:24:06.872"/>
</kw>
<kw name="Verify User is Logged In" library="homePage">
<kw name="Wait Until Element Is Visible" library="AppiumLibrary">
<arg>${username_homePage}</arg>
<doc>Waits until element specified with `locator` is visible.</doc>
<msg timestamp="20240110 22:24:08.085" level="INFO">xpath criteria: //android.widget.TextView[@resource-id="com.example.myapplication:id/textView"]</msg>
<status status="PASS" starttime="20240110 22:24:06.873" endtime="20240110 22:24:08.085"/>
</kw>
<status status="PASS" starttime="20240110 22:24:06.873" endtime="20240110 22:24:08.085"/>
</kw>
<kw name="Click Search Button in Home Page" library="searchPage">
<kw name="Click Element" library="AppiumLibrary">
<arg>${search_homepage}</arg>
<doc>Click element identified by `locator`.</doc>
<msg timestamp="20240110 22:24:08.092" level="INFO">Clicking element '//android.widget.Button[@resource-id="com.example.myapplication:id/search_flight"]'.</msg>
<msg timestamp="20240110 22:24:08.351" level="INFO">xpath criteria: //android.widget.Button[@resource-id="com.example.myapplication:id/search_flight"]</msg>
<status status="PASS" starttime="20240110 22:24:08.086" endtime="20240110 22:24:08.351"/>
</kw>
<status status="PASS" starttime="20240110 22:24:08.086" endtime="20240110 22:24:08.352"/>
</kw>
<kw name="Verify Search Page Appears" library="searchPage">
<kw name="Wait Until Element Is Visible" library="AppiumLibrary">
<arg>${search_input_searchpage}</arg>
<doc>Waits until element specified with `locator` is visible.</doc>
<msg timestamp="20240110 22:24:09.833" level="INFO">xpath criteria: //android.widget.EditText[@resource-id="com.example.myapplication:id/flight_number"]
xpath criteria: //android.widget.EditText[@resource-id="com.example.myapplication:id/flight_number"]</msg>
<status status="PASS" starttime="20240110 22:24:08.356" endtime="20240110 22:24:09.833"/>
</kw>
<status status="PASS" starttime="20240110 22:24:08.355" endtime="20240110 22:24:09.833"/>
</kw>
<kw name="Input Flight Number" library="searchPage">
<arg>${FLIGHT_NUMBER}</arg>
<kw name="Input Text" library="AppiumLibrary">
<arg>${search_input_searchpage}</arg>
<arg>${flight_number}</arg>
<doc>Types the given `text` into text field identified by `locator`.</doc>
<msg timestamp="20240110 22:24:09.841" level="INFO">Typing text 'DA935' into text field '//android.widget.EditText[@resource-id="com.example.myapplication:id/flight_number"]'</msg>
<msg timestamp="20240110 22:24:10.112" level="INFO">xpath criteria: //android.widget.EditText[@resource-id="com.example.myapplication:id/flight_number"]</msg>
<status status="PASS" starttime="20240110 22:24:09.835" endtime="20240110 22:24:10.112"/>
</kw>
<status status="PASS" starttime="20240110 22:24:09.834" endtime="20240110 22:24:10.112"/>
</kw>
<kw name="Click Search Button in Search Page" library="searchPage">
<kw name="Click Element" library="AppiumLibrary">
<arg>${search_button_searchpage}</arg>
<doc>Click element identified by `locator`.</doc>
<msg timestamp="20240110 22:24:10.118" level="INFO">Clicking element '//android.widget.Button[@resource-id="com.example.myapplication:id/searchFlight"]'.</msg>
<msg timestamp="20240110 22:24:10.958" level="INFO">xpath criteria: //android.widget.Button[@resource-id="com.example.myapplication:id/searchFlight"]</msg>
<status status="PASS" starttime="20240110 22:24:10.113" endtime="20240110 22:24:10.958"/>
</kw>
<status status="PASS" starttime="20240110 22:24:10.113" endtime="20240110 22:24:10.959"/>
</kw>
<kw name="Verify Booking Number Appears" library="searchPage">
<kw name="Wait Until Element Is Visible" library="AppiumLibrary">
<arg>${logo_flight}</arg>
<doc>Waits until element specified with `locator` is visible.</doc>
<msg timestamp="20240110 22:24:12.384" level="INFO">xpath criteria: //android.widget.ImageView[@resource-id="com.example.myapplication:id/imageView4"]
xpath criteria: //android.widget.ImageView[@resource-id="com.example.myapplication:id/imageView4"]</msg>
<status status="PASS" starttime="20240110 22:24:10.960" endtime="20240110 22:24:12.385"/>
</kw>
<status status="PASS" starttime="20240110 22:24:10.960" endtime="20240110 22:24:12.385"/>
</kw>
<kw name="Close Flight Application" library="base" type="TEARDOWN">
<kw name="Close Application" library="AppiumLibrary">
<doc>Closes the current application and also close webdriver session.</doc>
<status status="PASS" starttime="20240110 22:24:12.386" endtime="20240110 22:24:12.974"/>
</kw>
<status status="PASS" starttime="20240110 22:24:12.386" endtime="20240110 22:24:12.974"/>
</kw>
<status status="PASS" starttime="20240110 22:23:49.951" endtime="20240110 22:24:12.975"/>
</test>
<test id="s1-s1-t2" name="User should not be able to Search Booking Number with Invalid Number" line="31">
<kw name="Open Flight Application" library="base" type="SETUP">
<kw name="Open Application" library="AppiumLibrary">
<arg>remote_url=${REMOTE_URL}</arg>
<arg>platformName=${PLATFORM_NAME}</arg>
<arg>platformVersion=${PLATFORM_VERSION}</arg>
<arg>deviceName=${DEVICE_NAME}</arg>
<arg>appPackage=${APP_PACKAGE}</arg>
<arg>appActivity=${APP_ACTIVITY}</arg>
<doc>Opens a new application to given Appium server.
Capabilities of appium server, Android and iOS,
Please check https://github.com/appium/appium/blob/master/docs/en/writing-running-appium/server-args.md
| *Option*            | *Man.* | *Description*     |
| remote_url          | Yes    | Appium server url |
| alias               | no     | alias             |
| strict_ssl          | No     | allows you to send commands to an invalid certificate host like a self-signed one. |</doc>
<status status="PASS" starttime="20240110 22:24:12.979" endtime="20240110 22:24:23.559"/>
</kw>
<status status="PASS" starttime="20240110 22:24:12.979" endtime="20240110 22:24:23.559"/>
</kw>
<kw name="Verify Home Page Appears" library="homePage">
<kw name="Wait Until Element Is Visible" library="AppiumLibrary">
<arg>${logo_homePage}</arg>
<doc>Waits until element specified with `locator` is visible.</doc>
<msg timestamp="20240110 22:24:24.787" level="INFO">xpath criteria: //android.widget.ImageView[@resource-id="com.example.myapplication:id/imageView4"]</msg>
<status status="PASS" starttime="20240110 22:24:23.561" endtime="20240110 22:24:24.787"/>
</kw>
<status status="PASS" starttime="20240110 22:24:23.560" endtime="20240110 22:24:24.787"/>
</kw>
<kw name="Click Sign In Button in Home Page" library="homePage">
<kw name="Click Element" library="AppiumLibrary">
<arg>${signIn_homePage}</arg>
<doc>Click element identified by `locator`.</doc>
<msg timestamp="20240110 22:24:24.792" level="INFO">Clicking element '//android.widget.Button[@resource-id="com.example.myapplication:id/login"]'.</msg>
<msg timestamp="20240110 22:24:25.106" level="INFO">xpath criteria: //android.widget.Button[@resource-id="com.example.myapplication:id/login"]</msg>
<status status="PASS" starttime="20240110 22:24:24.788" endtime="20240110 22:24:25.106"/>
</kw>
<status status="PASS" starttime="20240110 22:24:24.788" endtime="20240110 22:24:25.106"/>
</kw>
<kw name="Verify Login Page Appears" library="loginPage">
<kw name="Wait Until Element Is Visible" library="AppiumLibrary">
<arg>${username_input_loginPage}</arg>
<doc>Waits until element specified with `locator` is visible.</doc>
<msg timestamp="20240110 22:24:26.385" level="INFO">xpath criteria: //android.widget.EditText[@resource-id="com.example.myapplication:id/username"]
xpath criteria: //android.widget.EditText[@resource-id="com.example.myapplication:id/username"]</msg>
<status status="PASS" starttime="20240110 22:24:25.107" endtime="20240110 22:24:26.385"/>
</kw>
<kw name="Wait Until Element Is Visible" library="AppiumLibrary">
<arg>${password_input_loginPage}</arg>
<doc>Waits until element specified with `locator` is visible.</doc>
<msg timestamp="20240110 22:24:26.583" level="INFO">xpath criteria: //android.widget.EditText[@resource-id="com.example.myapplication:id/password"]</msg>
<status status="PASS" starttime="20240110 22:24:26.386" endtime="20240110 22:24:26.584"/>
</kw>
<kw name="Wait Until Element Is Visible" library="AppiumLibrary">
<arg>${signIn_loginPage}</arg>
<doc>Waits until element specified with `locator` is visible.</doc>
<msg timestamp="20240110 22:24:26.759" level="INFO">xpath criteria: //android.widget.Button[@resource-id="com.example.myapplication:id/signIn"]</msg>
<status status="PASS" starttime="20240110 22:24:26.584" endtime="20240110 22:24:26.759"/>
</kw>
<status status="PASS" starttime="20240110 22:24:25.107" endtime="20240110 22:24:26.759"/>
</kw>
<kw name="Input Username on Login Page" library="loginPage">
<arg>${VALID_EMAIL}</arg>
<kw name="Input Text" library="AppiumLibrary">
<arg>${username_input_loginPage}</arg>
<arg>${email}</arg>
<doc>Types the given `text` into text field identified by `locator`.</doc>
<msg timestamp="20240110 22:24:26.765" level="INFO">Typing text 'support@ngendigital.com' into text field '//android.widget.EditText[@resource-id="com.example.myapplication:id/username"]'</msg>
<msg timestamp="20240110 22:24:26.977" level="INFO">xpath criteria: //android.widget.EditText[@resource-id="com.example.myapplication:id/username"]</msg>
<status status="PASS" starttime="20240110 22:24:26.761" endtime="20240110 22:24:26.977"/>
</kw>
<status status="PASS" starttime="20240110 22:24:26.760" endtime="20240110 22:24:26.977"/>
</kw>
<kw name="Input Password on Login Page" library="loginPage">
<arg>${VALID_PASSWORD}</arg>
<kw name="Input Text" library="AppiumLibrary">
<arg>${password_input_loginPage}</arg>
<arg>${password}</arg>
<doc>Types the given `text` into text field identified by `locator`.</doc>
<msg timestamp="20240110 22:24:26.984" level="INFO">Typing text 'abc123' into text field '//android.widget.EditText[@resource-id="com.example.myapplication:id/password"]'</msg>
<msg timestamp="20240110 22:24:27.691" level="INFO">xpath criteria: //android.widget.EditText[@resource-id="com.example.myapplication:id/password"]</msg>
<status status="PASS" starttime="20240110 22:24:26.979" endtime="20240110 22:24:27.692"/>
</kw>
<status status="PASS" starttime="20240110 22:24:26.978" endtime="20240110 22:24:27.692"/>
</kw>
<kw name="Click Sign In Button on Login Page" library="loginPage">
<kw name="Click Element" library="AppiumLibrary">
<arg>${signIn_loginPage}</arg>
<doc>Click element identified by `locator`.</doc>
<msg timestamp="20240110 22:24:27.699" level="INFO">Clicking element '//android.widget.Button[@resource-id="com.example.myapplication:id/signIn"]'.</msg>
<msg timestamp="20240110 22:24:28.690" level="INFO">xpath criteria: //android.widget.Button[@resource-id="com.example.myapplication:id/signIn"]</msg>
<status status="PASS" starttime="20240110 22:24:27.693" endtime="20240110 22:24:28.690"/>
</kw>
<status status="PASS" starttime="20240110 22:24:27.693" endtime="20240110 22:24:28.690"/>
</kw>
<kw name="Verify User is Logged In" library="homePage">
<kw name="Wait Until Element Is Visible" library="AppiumLibrary">
<arg>${username_homePage}</arg>
<doc>Waits until element specified with `locator` is visible.</doc>
<msg timestamp="20240110 22:24:29.904" level="INFO">xpath criteria: //android.widget.TextView[@resource-id="com.example.myapplication:id/textView"]</msg>
<status status="PASS" starttime="20240110 22:24:28.692" endtime="20240110 22:24:29.904"/>
</kw>
<status status="PASS" starttime="20240110 22:24:28.691" endtime="20240110 22:24:29.904"/>
</kw>
<kw name="Click Search Button in Home Page" library="searchPage">
<kw name="Click Element" library="AppiumLibrary">
<arg>${search_homepage}</arg>
<doc>Click element identified by `locator`.</doc>
<msg timestamp="20240110 22:24:29.908" level="INFO">Clicking element '//android.widget.Button[@resource-id="com.example.myapplication:id/search_flight"]'.</msg>
<msg timestamp="20240110 22:24:30.163" level="INFO">xpath criteria: //android.widget.Button[@resource-id="com.example.myapplication:id/search_flight"]</msg>
<status status="PASS" starttime="20240110 22:24:29.905" endtime="20240110 22:24:30.163"/>
</kw>
<status status="PASS" starttime="20240110 22:24:29.905" endtime="20240110 22:24:30.164"/>
</kw>
<kw name="Verify Search Page Appears" library="searchPage">
<kw name="Wait Until Element Is Visible" library="AppiumLibrary">
<arg>${search_input_searchpage}</arg>
<doc>Waits until element specified with `locator` is visible.</doc>
<msg timestamp="20240110 22:24:31.593" level="INFO">xpath criteria: //android.widget.EditText[@resource-id="com.example.myapplication:id/flight_number"]
xpath criteria: //android.widget.EditText[@resource-id="com.example.myapplication:id/flight_number"]</msg>
<status status="PASS" starttime="20240110 22:24:30.165" endtime="20240110 22:24:31.594"/>
</kw>
<status status="PASS" starttime="20240110 22:24:30.165" endtime="20240110 22:24:31.594"/>
</kw>
<kw name="Input Flight Number" library="searchPage">
<arg>${INVALID_FLIGHT_NUMBER}</arg>
<kw name="Input Text" library="AppiumLibrary">
<arg>${search_input_searchpage}</arg>
<arg>${flight_number}</arg>
<doc>Types the given `text` into text field identified by `locator`.</doc>
<msg timestamp="20240110 22:24:31.601" level="INFO">Typing text 'FLIGHT' into text field '//android.widget.EditText[@resource-id="com.example.myapplication:id/flight_number"]'</msg>
<msg timestamp="20240110 22:24:31.874" level="INFO">xpath criteria: //android.widget.EditText[@resource-id="com.example.myapplication:id/flight_number"]</msg>
<status status="PASS" starttime="20240110 22:24:31.596" endtime="20240110 22:24:31.874"/>
</kw>
<status status="PASS" starttime="20240110 22:24:31.595" endtime="20240110 22:24:31.874"/>
</kw>
<kw name="Click Search Button in Search Page" library="searchPage">
<kw name="Click Element" library="AppiumLibrary">
<arg>${search_button_searchpage}</arg>
<doc>Click element identified by `locator`.</doc>
<msg timestamp="20240110 22:24:31.882" level="INFO">Clicking element '//android.widget.Button[@resource-id="com.example.myapplication:id/searchFlight"]'.</msg>
<msg timestamp="20240110 22:24:32.624" level="INFO">xpath criteria: //android.widget.Button[@resource-id="com.example.myapplication:id/searchFlight"]</msg>
<status status="PASS" starttime="20240110 22:24:31.876" endtime="20240110 22:24:32.624"/>
</kw>
<status status="PASS" starttime="20240110 22:24:31.876" endtime="20240110 22:24:32.624"/>
</kw>
<kw name="Error Message Appears" library="searchPage">
<kw name="Page Should Contain Text" library="AppiumLibrary">
<arg>${error_message}</arg>
<doc>Verifies that current page contains `text`.</doc>
<msg timestamp="20240110 22:24:32.785" level="INFO">Current page contains text 'Please enter valid Flight Number'.</msg>
<status status="PASS" starttime="20240110 22:24:32.626" endtime="20240110 22:24:32.785"/>
</kw>
<status status="PASS" starttime="20240110 22:24:32.625" endtime="20240110 22:24:32.785"/>
</kw>
<kw name="Close Flight Application" library="base" type="TEARDOWN">
<kw name="Close Application" library="AppiumLibrary">
<doc>Closes the current application and also close webdriver session.</doc>
<status status="PASS" starttime="20240110 22:24:32.787" endtime="20240110 22:24:33.445"/>
</kw>
<status status="PASS" starttime="20240110 22:24:32.786" endtime="20240110 22:24:33.445"/>
</kw>
<status status="PASS" starttime="20240110 22:24:12.977" endtime="20240110 22:24:33.447"/>
</test>
<test id="s1-s1-t3" name="User should not be able to Search Booking Number with empty field" line="45">
<kw name="Open Flight Application" library="base" type="SETUP">
<kw name="Open Application" library="AppiumLibrary">
<arg>remote_url=${REMOTE_URL}</arg>
<arg>platformName=${PLATFORM_NAME}</arg>
<arg>platformVersion=${PLATFORM_VERSION}</arg>
<arg>deviceName=${DEVICE_NAME}</arg>
<arg>appPackage=${APP_PACKAGE}</arg>
<arg>appActivity=${APP_ACTIVITY}</arg>
<doc>Opens a new application to given Appium server.
Capabilities of appium server, Android and iOS,
Please check https://github.com/appium/appium/blob/master/docs/en/writing-running-appium/server-args.md
| *Option*            | *Man.* | *Description*     |
| remote_url          | Yes    | Appium server url |
| alias               | no     | alias             |
| strict_ssl          | No     | allows you to send commands to an invalid certificate host like a self-signed one. |</doc>
<status status="PASS" starttime="20240110 22:24:33.452" endtime="20240110 22:24:44.355"/>
</kw>
<status status="PASS" starttime="20240110 22:24:33.451" endtime="20240110 22:24:44.356"/>
</kw>
<kw name="Verify Home Page Appears" library="homePage">
<kw name="Wait Until Element Is Visible" library="AppiumLibrary">
<arg>${logo_homePage}</arg>
<doc>Waits until element specified with `locator` is visible.</doc>
<msg timestamp="20240110 22:24:45.673" level="INFO">xpath criteria: //android.widget.ImageView[@resource-id="com.example.myapplication:id/imageView4"]</msg>
<status status="PASS" starttime="20240110 22:24:44.357" endtime="20240110 22:24:45.673"/>
</kw>
<status status="PASS" starttime="20240110 22:24:44.356" endtime="20240110 22:24:45.674"/>
</kw>
<kw name="Click Sign In Button in Home Page" library="homePage">
<kw name="Click Element" library="AppiumLibrary">
<arg>${signIn_homePage}</arg>
<doc>Click element identified by `locator`.</doc>
<msg timestamp="20240110 22:24:45.679" level="INFO">Clicking element '//android.widget.Button[@resource-id="com.example.myapplication:id/login"]'.</msg>
<msg timestamp="20240110 22:24:45.927" level="INFO">xpath criteria: //android.widget.Button[@resource-id="com.example.myapplication:id/login"]</msg>
<status status="PASS" starttime="20240110 22:24:45.675" endtime="20240110 22:24:45.927"/>
</kw>
<status status="PASS" starttime="20240110 22:24:45.674" endtime="20240110 22:24:45.928"/>
</kw>
<kw name="Verify Login Page Appears" library="loginPage">
<kw name="Wait Until Element Is Visible" library="AppiumLibrary">
<arg>${username_input_loginPage}</arg>
<doc>Waits until element specified with `locator` is visible.</doc>
<msg timestamp="20240110 22:24:47.189" level="INFO">xpath criteria: //android.widget.EditText[@resource-id="com.example.myapplication:id/username"]
xpath criteria: //android.widget.EditText[@resource-id="com.example.myapplication:id/username"]</msg>
<status status="PASS" starttime="20240110 22:24:45.929" endtime="20240110 22:24:47.189"/>
</kw>
<kw name="Wait Until Element Is Visible" library="AppiumLibrary">
<arg>${password_input_loginPage}</arg>
<doc>Waits until element specified with `locator` is visible.</doc>
<msg timestamp="20240110 22:24:47.357" level="INFO">xpath criteria: //android.widget.EditText[@resource-id="com.example.myapplication:id/password"]</msg>
<status status="PASS" starttime="20240110 22:24:47.190" endtime="20240110 22:24:47.357"/>
</kw>
<kw name="Wait Until Element Is Visible" library="AppiumLibrary">
<arg>${signIn_loginPage}</arg>
<doc>Waits until element specified with `locator` is visible.</doc>
<msg timestamp="20240110 22:24:47.517" level="INFO">xpath criteria: //android.widget.Button[@resource-id="com.example.myapplication:id/signIn"]</msg>
<status status="PASS" starttime="20240110 22:24:47.358" endtime="20240110 22:24:47.517"/>
</kw>
<status status="PASS" starttime="20240110 22:24:45.929" endtime="20240110 22:24:47.517"/>
</kw>
<kw name="Input Username on Login Page" library="loginPage">
<arg>${VALID_EMAIL}</arg>
<kw name="Input Text" library="AppiumLibrary">
<arg>${username_input_loginPage}</arg>
<arg>${email}</arg>
<doc>Types the given `text` into text field identified by `locator`.</doc>
<msg timestamp="20240110 22:24:47.523" level="INFO">Typing text 'support@ngendigital.com' into text field '//android.widget.EditText[@resource-id="com.example.myapplication:id/username"]'</msg>
<msg timestamp="20240110 22:24:47.706" level="INFO">xpath criteria: //android.widget.EditText[@resource-id="com.example.myapplication:id/username"]</msg>
<status status="PASS" starttime="20240110 22:24:47.519" endtime="20240110 22:24:47.706"/>
</kw>
<status status="PASS" starttime="20240110 22:24:47.518" endtime="20240110 22:24:47.706"/>
</kw>
<kw name="Input Password on Login Page" library="loginPage">
<arg>${VALID_PASSWORD}</arg>
<kw name="Input Text" library="AppiumLibrary">
<arg>${password_input_loginPage}</arg>
<arg>${password}</arg>
<doc>Types the given `text` into text field identified by `locator`.</doc>
<msg timestamp="20240110 22:24:47.711" level="INFO">Typing text 'abc123' into text field '//android.widget.EditText[@resource-id="com.example.myapplication:id/password"]'</msg>
<msg timestamp="20240110 22:24:48.406" level="INFO">xpath criteria: //android.widget.EditText[@resource-id="com.example.myapplication:id/password"]</msg>
<status status="PASS" starttime="20240110 22:24:47.707" endtime="20240110 22:24:48.406"/>
</kw>
<status status="PASS" starttime="20240110 22:24:47.707" endtime="20240110 22:24:48.406"/>
</kw>
<kw name="Click Sign In Button on Login Page" library="loginPage">
<kw name="Click Element" library="AppiumLibrary">
<arg>${signIn_loginPage}</arg>
<doc>Click element identified by `locator`.</doc>
<msg timestamp="20240110 22:24:48.412" level="INFO">Clicking element '//android.widget.Button[@resource-id="com.example.myapplication:id/signIn"]'.</msg>
<msg timestamp="20240110 22:24:49.082" level="INFO">xpath criteria: //android.widget.Button[@resource-id="com.example.myapplication:id/signIn"]</msg>
<status status="PASS" starttime="20240110 22:24:48.407" endtime="20240110 22:24:49.082"/>
</kw>
<status status="PASS" starttime="20240110 22:24:48.407" endtime="20240110 22:24:49.082"/>
</kw>
<kw name="Verify User is Logged In" library="homePage">
<kw name="Wait Until Element Is Visible" library="AppiumLibrary">
<arg>${username_homePage}</arg>
<doc>Waits until element specified with `locator` is visible.</doc>
<msg timestamp="20240110 22:24:50.294" level="INFO">xpath criteria: //android.widget.TextView[@resource-id="com.example.myapplication:id/textView"]</msg>
<status status="PASS" starttime="20240110 22:24:49.084" endtime="20240110 22:24:50.294"/>
</kw>
<status status="PASS" starttime="20240110 22:24:49.083" endtime="20240110 22:24:50.295"/>
</kw>
<kw name="Click Search Button in Home Page" library="searchPage">
<kw name="Click Element" library="AppiumLibrary">
<arg>${search_homepage}</arg>
<doc>Click element identified by `locator`.</doc>
<msg timestamp="20240110 22:24:50.301" level="INFO">Clicking element '//android.widget.Button[@resource-id="com.example.myapplication:id/search_flight"]'.</msg>
<msg timestamp="20240110 22:24:50.555" level="INFO">xpath criteria: //android.widget.Button[@resource-id="com.example.myapplication:id/search_flight"]</msg>
<status status="PASS" starttime="20240110 22:24:50.296" endtime="20240110 22:24:50.555"/>
</kw>
<status status="PASS" starttime="20240110 22:24:50.295" endtime="20240110 22:24:50.555"/>
</kw>
<kw name="Verify Search Page Appears" library="searchPage">
<kw name="Wait Until Element Is Visible" library="AppiumLibrary">
<arg>${search_input_searchpage}</arg>
<doc>Waits until element specified with `locator` is visible.</doc>
<msg timestamp="20240110 22:24:51.886" level="INFO">xpath criteria: //android.widget.EditText[@resource-id="com.example.myapplication:id/flight_number"]
xpath criteria: //android.widget.EditText[@resource-id="com.example.myapplication:id/flight_number"]</msg>
<status status="PASS" starttime="20240110 22:24:50.558" endtime="20240110 22:24:51.886"/>
</kw>
<status status="PASS" starttime="20240110 22:24:50.558" endtime="20240110 22:24:51.886"/>
</kw>
<kw name="Click Search Button in Search Page" library="searchPage">
<kw name="Click Element" library="AppiumLibrary">
<arg>${search_button_searchpage}</arg>
<doc>Click element identified by `locator`.</doc>
<msg timestamp="20240110 22:24:51.892" level="INFO">Clicking element '//android.widget.Button[@resource-id="com.example.myapplication:id/searchFlight"]'.</msg>
<msg timestamp="20240110 22:24:52.634" level="INFO">xpath criteria: //android.widget.Button[@resource-id="com.example.myapplication:id/searchFlight"]</msg>
<status status="PASS" starttime="20240110 22:24:51.888" endtime="20240110 22:24:52.634"/>
</kw>
<status status="PASS" starttime="20240110 22:24:51.887" endtime="20240110 22:24:52.634"/>
</kw>
<kw name="Error Message Appears" library="searchPage">
<kw name="Page Should Contain Text" library="AppiumLibrary">
<arg>${error_message}</arg>
<doc>Verifies that current page contains `text`.</doc>
<msg timestamp="20240110 22:24:52.785" level="INFO">Current page contains text 'Please enter valid Flight Number'.</msg>
<status status="PASS" starttime="20240110 22:24:52.635" endtime="20240110 22:24:52.785"/>
</kw>
<status status="PASS" starttime="20240110 22:24:52.635" endtime="20240110 22:24:52.785"/>
</kw>
<kw name="Close Flight Application" library="base" type="TEARDOWN">
<kw name="Close Application" library="AppiumLibrary">
<doc>Closes the current application and also close webdriver session.</doc>
<status status="PASS" starttime="20240110 22:24:52.787" endtime="20240110 22:24:53.543"/>
</kw>
<status status="PASS" starttime="20240110 22:24:52.786" endtime="20240110 22:24:53.544"/>
</kw>
<status status="PASS" starttime="20240110 22:24:33.450" endtime="20240110 22:24:53.544"/>
</test>
<test id="s1-s1-t4" name="User should not be able to Search Booking Number without Login" line="58">
<kw name="Open Flight Application" library="base" type="SETUP">
<kw name="Open Application" library="AppiumLibrary">
<arg>remote_url=${REMOTE_URL}</arg>
<arg>platformName=${PLATFORM_NAME}</arg>
<arg>platformVersion=${PLATFORM_VERSION}</arg>
<arg>deviceName=${DEVICE_NAME}</arg>
<arg>appPackage=${APP_PACKAGE}</arg>
<arg>appActivity=${APP_ACTIVITY}</arg>
<doc>Opens a new application to given Appium server.
Capabilities of appium server, Android and iOS,
Please check https://github.com/appium/appium/blob/master/docs/en/writing-running-appium/server-args.md
| *Option*            | *Man.* | *Description*     |
| remote_url          | Yes    | Appium server url |
| alias               | no     | alias             |
| strict_ssl          | No     | allows you to send commands to an invalid certificate host like a self-signed one. |</doc>
<status status="PASS" starttime="20240110 22:24:53.549" endtime="20240110 22:25:04.219"/>
</kw>
<status status="PASS" starttime="20240110 22:24:53.548" endtime="20240110 22:25:04.219"/>
</kw>
<kw name="Verify Home Page Appears" library="homePage">
<kw name="Wait Until Element Is Visible" library="AppiumLibrary">
<arg>${logo_homePage}</arg>
<doc>Waits until element specified with `locator` is visible.</doc>
<msg timestamp="20240110 22:25:05.475" level="INFO">xpath criteria: //android.widget.ImageView[@resource-id="com.example.myapplication:id/imageView4"]</msg>
<status status="PASS" starttime="20240110 22:25:04.221" endtime="20240110 22:25:05.475"/>
</kw>
<status status="PASS" starttime="20240110 22:25:04.220" endtime="20240110 22:25:05.476"/>
</kw>
<kw name="Click Search Button in Main Page" library="homePage">
<kw name="Click Element" library="AppiumLibrary">
<arg>${search_main}</arg>
<doc>Click element identified by `locator`.</doc>
<msg timestamp="20240110 22:25:05.479" level="INFO">Clicking element '//android.widget.Button[@resource-id="com.example.myapplication:id/button6" and @text="Search"]'.</msg>
<msg timestamp="20240110 22:25:05.715" level="INFO">xpath criteria: //android.widget.Button[@resource-id="com.example.myapplication:id/button6" and @text="Search"]</msg>
<status status="PASS" starttime="20240110 22:25:05.477" endtime="20240110 22:25:05.715"/>
</kw>
<status status="PASS" starttime="20240110 22:25:05.476" endtime="20240110 22:25:05.715"/>
</kw>
<kw name="Verify Search Page not Appears" library="searchPage">
<kw name="Page Should Not Contain Element" library="AppiumLibrary">
<arg>${search_input_searchpage}</arg>
<doc>Verifies that current page not contains `locator` element.</doc>
<msg timestamp="20240110 22:25:05.847" level="INFO">Current page not contains element '//android.widget.EditText[@resource-id="com.example.myapplication:id/flight_number"]'.</msg>
<msg timestamp="20240110 22:25:05.847" level="INFO">xpath criteria: //android.widget.EditText[@resource-id="com.example.myapplication:id/flight_number"]</msg>
<status status="PASS" starttime="20240110 22:25:05.716" endtime="20240110 22:25:05.847"/>
</kw>
<status status="PASS" starttime="20240110 22:25:05.716" endtime="20240110 22:25:05.847"/>
</kw>
<kw name="Close Flight Application" library="base" type="TEARDOWN">
<kw name="Close Application" library="AppiumLibrary">
<doc>Closes the current application and also close webdriver session.</doc>
<status status="PASS" starttime="20240110 22:25:05.849" endtime="20240110 22:25:06.419"/>
</kw>
<status status="PASS" starttime="20240110 22:25:05.848" endtime="20240110 22:25:06.419"/>
</kw>
<status status="PASS" starttime="20240110 22:24:53.547" endtime="20240110 22:25:06.421"/>
</test>
<status status="PASS" starttime="20240110 22:23:49.170" endtime="20240110 22:25:06.424"/>
</suite>
<status status="PASS" starttime="20240110 22:23:48.904" endtime="20240110 22:25:06.429"/>
</suite>
<statistics>
<total>
<stat pass="4" fail="0" skip="0">All Tests</stat>
</total>
<tag>
</tag>
<suite>
<stat pass="4" fail="0" skip="0" id="s1" name="Suites">Suites</stat>
<stat pass="4" fail="0" skip="0" id="s1-s1" name="searchSuite">Suites.searchSuite</stat>
</suite>
</statistics>
<errors>
</errors>
</robot>
