<?xml version="1.0" encoding="UTF-8"?>
<robot generator="Robot 5.0.1 (Python 3.7.9 on win32)" generated="20240111 10:06:32.509" rpa="false" schemaversion="3">
<suite id="s1" name="BookFlight" source="D:\Pelatihan\Sanbercode_QA\Mobile Automation\Suites\BookFlight.robot">
<test id="s1-t1" name="Valid Book" line="17">
<kw name="Open Flight Application" library="base" type="SETUP">
<kw name="Open Application" library="AppiumLibrary">
<arg>remote_url=${REMOTE_URL}</arg>
<arg>platformName=${PLATFORM_NAME}</arg>
<arg>platformVersion=${PLATFORM_VERSION}</arg>
<arg>deviceName=${DEVICE_NAME}</arg>
<arg>appPackage=${APP_PACKAGE}</arg>
<arg>appActivity=${APP_ACTIVITY}</arg>
<doc>Opens a new application to given Appium server.
Capabilities of appium server, Android and iOS,
Please check https://github.com/appium/appium/blob/master/docs/en/writing-running-appium/server-args.md
| *Option*            | *Man.* | *Description*     |
| remote_url          | Yes    | Appium server url |
| alias               | no     | alias             |
| strict_ssl          | No     | allows you to send commands to an invalid certificate host like a self-signed one. |</doc>
<status status="PASS" starttime="20240111 10:06:33.032" endtime="20240111 10:06:44.244"/>
</kw>
<status status="PASS" starttime="20240111 10:06:33.031" endtime="20240111 10:06:44.245"/>
</kw>
<kw name="Verify Home Page of Flight Application" library="HomePage">
<kw name="Wait Until Element Is Visible" library="AppiumLibrary">
<arg>${logo_HomePage}</arg>
<doc>Waits until element specified with `locator` is visible.</doc>
<msg timestamp="20240111 10:06:45.306" level="INFO">xpath criteria: //android.widget.ImageView[@resource-id="com.example.myapplication:id/imageView4"]</msg>
<status status="PASS" starttime="20240111 10:06:44.247" endtime="20240111 10:06:45.306"/>
</kw>
<status status="PASS" starttime="20240111 10:06:44.246" endtime="20240111 10:06:45.307"/>
</kw>
<kw name="Sign In Button in Home Page" library="HomePage">
<kw name="Wait Until Element Is Visible" library="AppiumLibrary">
<arg>${logo_HomePage}</arg>
<doc>Waits until element specified with `locator` is visible.</doc>
<msg timestamp="20240111 10:06:45.500" level="INFO">xpath criteria: //android.widget.ImageView[@resource-id="com.example.myapplication:id/imageView4"]</msg>
<status status="PASS" starttime="20240111 10:06:45.309" endtime="20240111 10:06:45.501"/>
</kw>
<kw name="Click Element" library="AppiumLibrary">
<arg>${Signin_Button_HomePage}</arg>
<doc>Click element identified by `locator`.</doc>
<msg timestamp="20240111 10:06:45.511" level="INFO">Clicking element '//android.widget.Button[@resource-id="com.example.myapplication:id/login"]'.</msg>
<msg timestamp="20240111 10:06:45.702" level="INFO">xpath criteria: //android.widget.Button[@resource-id="com.example.myapplication:id/login"]</msg>
<status status="PASS" starttime="20240111 10:06:45.501" endtime="20240111 10:06:45.702"/>
</kw>
<status status="PASS" starttime="20240111 10:06:45.308" endtime="20240111 10:06:45.702"/>
</kw>
<kw name="Login Page Appears" library="LoginPage">
<kw name="Wait Until Element Is Visible" library="AppiumLibrary">
<arg>${Signin_Button_LoginPage}</arg>
<doc>Waits until element specified with `locator` is visible.</doc>
<msg timestamp="20240111 10:06:46.844" level="INFO">xpath criteria: //android.widget.Button[@resource-id="com.example.myapplication:id/signIn"]
xpath criteria: //android.widget.Button[@resource-id="com.example.myapplication:id/signIn"]</msg>
<status status="PASS" starttime="20240111 10:06:45.706" endtime="20240111 10:06:46.844"/>
</kw>
<status status="PASS" starttime="20240111 10:06:45.706" endtime="20240111 10:06:46.845"/>
</kw>
<kw name="Input Email in LoginPage" library="LoginPage">
<arg>${VALID_EMAIL}</arg>
<kw name="Input Text" library="AppiumLibrary">
<arg>${InputEmail_LoginPage}</arg>
<arg>${email}</arg>
<doc>Types the given `text` into text field identified by `locator`.</doc>
<msg timestamp="20240111 10:06:46.854" level="INFO">Typing text 'support@ngendigital.com' into text field '//android.widget.EditText[@resource-id="com.example.myapplication:id/username"]'</msg>
<msg timestamp="20240111 10:06:47.045" level="INFO">xpath criteria: //android.widget.EditText[@resource-id="com.example.myapplication:id/username"]</msg>
<status status="PASS" starttime="20240111 10:06:46.847" endtime="20240111 10:06:47.046"/>
</kw>
<status status="PASS" starttime="20240111 10:06:46.846" endtime="20240111 10:06:47.046"/>
</kw>
<kw name="Input Password in LoginPage" library="LoginPage">
<arg>${VALID_PASSWORD}</arg>
<kw name="Input Password" library="AppiumLibrary">
<arg>${InputPassword_LoginPage}</arg>
<arg>${Password}</arg>
<doc>Types the given password into text field identified by `locator`.</doc>
<msg timestamp="20240111 10:06:47.059" level="INFO">Typing password into text field '//android.widget.EditText[@resource-id="com.example.myapplication:id/password"]'</msg>
<msg timestamp="20240111 10:06:47.642" level="INFO">xpath criteria: //android.widget.EditText[@resource-id="com.example.myapplication:id/password"]</msg>
<status status="PASS" starttime="20240111 10:06:47.049" endtime="20240111 10:06:47.642"/>
</kw>
<status status="PASS" starttime="20240111 10:06:47.048" endtime="20240111 10:06:47.642"/>
</kw>
<kw name="Sign In Button in LoginPage" library="LoginPage">
<kw name="Click Element" library="AppiumLibrary">
<arg>${Signin_Button_LoginPage}</arg>
<doc>Click element identified by `locator`.</doc>
<msg timestamp="20240111 10:06:47.651" level="INFO">Clicking element '//android.widget.Button[@resource-id="com.example.myapplication:id/signIn"]'.</msg>
<msg timestamp="20240111 10:06:48.330" level="INFO">xpath criteria: //android.widget.Button[@resource-id="com.example.myapplication:id/signIn"]</msg>
<status status="PASS" starttime="20240111 10:06:47.644" endtime="20240111 10:06:48.330"/>
</kw>
<status status="PASS" starttime="20240111 10:06:47.643" endtime="20240111 10:06:48.331"/>
</kw>
<kw name="Verify User Logged In" library="HomePage">
<kw name="Wait Until Element Is Visible" library="AppiumLibrary">
<arg>${Username_in_HomePage}</arg>
<doc>Waits until element specified with `locator` is visible.</doc>
<msg timestamp="20240111 10:06:49.228" level="INFO">xpath criteria: //android.widget.TextView[@resource-id="com.example.myapplication:id/textView"]
xpath criteria: //android.widget.TextView[@resource-id="com.example.myapplication:id/textView"]</msg>
<status status="PASS" starttime="20240111 10:06:48.341" endtime="20240111 10:06:49.228"/>
</kw>
<status status="PASS" starttime="20240111 10:06:48.341" endtime="20240111 10:06:49.228"/>
</kw>
<kw name="Click Book Button in Home Page" library="HomePage">
<kw name="Click Element" library="AppiumLibrary">
<arg>${Book_Button_HomePage}</arg>
<doc>Click element identified by `locator`.</doc>
<msg timestamp="20240111 10:06:49.238" level="INFO">Clicking element '//*[@resource-id="com.example.myapplication:id/book"]'.</msg>
<msg timestamp="20240111 10:06:49.427" level="INFO">xpath criteria: //*[@resource-id="com.example.myapplication:id/book"]</msg>
<status status="PASS" starttime="20240111 10:06:49.230" endtime="20240111 10:06:49.427"/>
</kw>
<status status="PASS" starttime="20240111 10:06:49.229" endtime="20240111 10:06:49.428"/>
</kw>
<kw name="Choose From City in Book Page" library="BookPage">
<kw name="Wait Until Element Is Visible" library="AppiumLibrary">
<arg>${FromCity_BookPage}</arg>
<doc>Waits until element specified with `locator` is visible.</doc>
<msg timestamp="20240111 10:06:51.027" level="INFO">criteria is com.example.myapplication:id/spinnerFrom
criteria is com.example.myapplication:id/spinnerFrom</msg>
<status status="PASS" starttime="20240111 10:06:49.430" endtime="20240111 10:06:51.027"/>
</kw>
<kw name="Click Element" library="AppiumLibrary">
<arg>${FromCity_BookPage}</arg>
<doc>Click element identified by `locator`.</doc>
<msg timestamp="20240111 10:06:51.032" level="INFO">Clicking element 'id=com.example.myapplication:id/spinnerFrom'.</msg>
<msg timestamp="20240111 10:06:51.189" level="INFO">criteria is com.example.myapplication:id/spinnerFrom</msg>
<status status="PASS" starttime="20240111 10:06:51.027" endtime="20240111 10:06:51.190"/>
</kw>
<kw name="Wait Until Element Is Visible" library="AppiumLibrary">
<arg>${NewYork_FromCity_BookPage}</arg>
<doc>Waits until element specified with `locator` is visible.</doc>
<msg timestamp="20240111 10:06:52.270" level="INFO">xpath criteria: //android.widget.TextView[@resource-id="android:id/text1" and @text="New York"]
xpath criteria: //android.widget.TextView[@resource-id="android:id/text1" and @text="New York"]</msg>
<status status="PASS" starttime="20240111 10:06:51.191" endtime="20240111 10:06:52.270"/>
</kw>
<kw name="Click Element" library="AppiumLibrary">
<arg>${NewYork_FromCity_BookPage}</arg>
<doc>Click element identified by `locator`.</doc>
<msg timestamp="20240111 10:06:52.277" level="INFO">Clicking element '//android.widget.TextView[@resource-id="android:id/text1" and @text="New York"]'.</msg>
<msg timestamp="20240111 10:06:53.088" level="INFO">xpath criteria: //android.widget.TextView[@resource-id="android:id/text1" and @text="New York"]</msg>
<status status="PASS" starttime="20240111 10:06:52.271" endtime="20240111 10:06:53.088"/>
</kw>
<status status="PASS" starttime="20240111 10:06:49.430" endtime="20240111 10:06:53.089"/>
</kw>
<kw name="Choose To City in Book Page" library="BookPage">
<kw name="Wait Until Element Is Visible" library="AppiumLibrary">
<arg>${ToCity_BookPage}</arg>
<doc>Waits until element specified with `locator` is visible.</doc>
<msg timestamp="20240111 10:06:53.168" level="INFO">criteria is com.example.myapplication:id/spinnerTo</msg>
<status status="PASS" starttime="20240111 10:06:53.090" endtime="20240111 10:06:53.168"/>
</kw>
<kw name="Click Element" library="AppiumLibrary">
<arg>${ToCity_BookPage}</arg>
<doc>Click element identified by `locator`.</doc>
<msg timestamp="20240111 10:06:53.177" level="INFO">Clicking element 'com.example.myapplication:id/spinnerTo'.</msg>
<msg timestamp="20240111 10:06:53.334" level="INFO">criteria is com.example.myapplication:id/spinnerTo</msg>
<status status="PASS" starttime="20240111 10:06:53.169" endtime="20240111 10:06:53.334"/>
</kw>
<kw name="Wait Until Element Is Visible" library="AppiumLibrary">
<arg>${Paris_ToCity_BookPage}</arg>
<doc>Waits until element specified with `locator` is visible.</doc>
<msg timestamp="20240111 10:06:54.318" level="INFO">xpath criteria: //android.widget.TextView[@resource-id="android:id/text1" and @text="Paris"]</msg>
<status status="PASS" starttime="20240111 10:06:53.335" endtime="20240111 10:06:54.318"/>
</kw>
<kw name="Click Element" library="AppiumLibrary">
<arg>${Paris_ToCity_BookPage}</arg>
<doc>Click element identified by `locator`.</doc>
<msg timestamp="20240111 10:06:54.325" level="INFO">Clicking element '//android.widget.TextView[@resource-id="android:id/text1" and @text="Paris"]'.</msg>
<msg timestamp="20240111 10:06:55.158" level="INFO">xpath criteria: //android.widget.TextView[@resource-id="android:id/text1" and @text="Paris"]</msg>
<status status="PASS" starttime="20240111 10:06:54.318" endtime="20240111 10:06:55.158"/>
</kw>
<status status="PASS" starttime="20240111 10:06:53.089" endtime="20240111 10:06:55.159"/>
</kw>
<kw name="Choose Class in Book Page" library="BookPage">
<kw name="Wait Until Element Is Visible" library="AppiumLibrary">
<arg>${Class_BookPage}</arg>
<doc>Waits until element specified with `locator` is visible.</doc>
<msg timestamp="20240111 10:06:55.296" level="INFO">xpath criteria: //android.widget.Spinner[@resource-id="com.example.myapplication:id/spinnerClass"]</msg>
<status status="PASS" starttime="20240111 10:06:55.160" endtime="20240111 10:06:55.296"/>
</kw>
<kw name="Click Element" library="AppiumLibrary">
<arg>${Class_BookPage}</arg>
<doc>Click element identified by `locator`.</doc>
<msg timestamp="20240111 10:06:55.303" level="INFO">Clicking element '//android.widget.Spinner[@resource-id="com.example.myapplication:id/spinnerClass"]'.</msg>
<msg timestamp="20240111 10:06:55.490" level="INFO">xpath criteria: //android.widget.Spinner[@resource-id="com.example.myapplication:id/spinnerClass"]</msg>
<status status="PASS" starttime="20240111 10:06:55.296" endtime="20240111 10:06:55.490"/>
</kw>
<kw name="Wait Until Element Is Visible" library="AppiumLibrary">
<arg>${Economy_Class_BookPage}</arg>
<doc>Waits until element specified with `locator` is visible.</doc>
<msg timestamp="20240111 10:06:56.449" level="INFO">xpath criteria: //android.widget.TextView[@resource-id="android:id/text1" and @text="Economy"]</msg>
<status status="PASS" starttime="20240111 10:06:55.492" endtime="20240111 10:06:56.449"/>
</kw>
<kw name="Click Element" library="AppiumLibrary">
<arg>${Economy_Class_BookPage}</arg>
<doc>Click element identified by `locator`.</doc>
<msg timestamp="20240111 10:06:56.454" level="INFO">Clicking element '//android.widget.TextView[@resource-id="android:id/text1" and @text="Economy"]'.</msg>
<msg timestamp="20240111 10:06:57.238" level="INFO">xpath criteria: //android.widget.TextView[@resource-id="android:id/text1" and @text="Economy"]</msg>
<status status="PASS" starttime="20240111 10:06:56.450" endtime="20240111 10:06:57.239"/>
</kw>
<status status="PASS" starttime="20240111 10:06:55.160" endtime="20240111 10:06:57.239"/>
</kw>
<kw name="Choose Start Date in Book Page" library="BookPage">
<kw name="Click Element" library="AppiumLibrary">
<arg>${StartDate_BookPage}</arg>
<doc>Click element identified by `locator`.</doc>
<msg timestamp="20240111 10:06:57.244" level="INFO">Clicking element '//android.widget.TextView[@resource-id="com.example.myapplication:id/textStartDate"]'.</msg>
<msg timestamp="20240111 10:06:57.418" level="INFO">xpath criteria: //android.widget.TextView[@resource-id="com.example.myapplication:id/textStartDate"]</msg>
<status status="PASS" starttime="20240111 10:06:57.240" endtime="20240111 10:06:57.418"/>
</kw>
<kw name="Wait Until Element Is Visible" library="AppiumLibrary">
<arg>${8Agst_StartDate_BookPage}</arg>
<doc>Waits until element specified with `locator` is visible.</doc>
<msg timestamp="20240111 10:06:58.418" level="INFO">xpath criteria: //*[@content-desc="08 August 2019"]
xpath criteria: //*[@content-desc="08 August 2019"]</msg>
<status status="PASS" starttime="20240111 10:06:57.419" endtime="20240111 10:06:58.418"/>
</kw>
<kw name="Click Element" library="AppiumLibrary">
<arg>${8Agst_StartDate_BookPage}</arg>
<doc>Click element identified by `locator`.</doc>
<msg timestamp="20240111 10:06:58.423" level="INFO">Clicking element '//*[@content-desc="08 August 2019"]'.</msg>
<msg timestamp="20240111 10:06:59.210" level="INFO">xpath criteria: //*[@content-desc="08 August 2019"]</msg>
<status status="PASS" starttime="20240111 10:06:58.418" endtime="20240111 10:06:59.210"/>
</kw>
<kw name="Click Element" library="AppiumLibrary">
<arg>${OK_StartDate_BookPage}</arg>
<doc>Click element identified by `locator`.</doc>
<msg timestamp="20240111 10:06:59.217" level="INFO">Clicking element '//*[@resource-id="android:id/button1"]'.</msg>
<msg timestamp="20240111 10:06:59.668" level="INFO">xpath criteria: //*[@resource-id="android:id/button1"]</msg>
<status status="PASS" starttime="20240111 10:06:59.211" endtime="20240111 10:06:59.669"/>
</kw>
<status status="PASS" starttime="20240111 10:06:57.239" endtime="20240111 10:06:59.669"/>
</kw>
<kw name="Choose End Date in Book Page" library="BookPage">
<kw name="Click Element" library="AppiumLibrary">
<arg>${EndDate_BookPage}</arg>
<doc>Click element identified by `locator`.</doc>
<msg timestamp="20240111 10:06:59.688" level="INFO">Clicking element 'com.example.myapplication:id/textEndDate'.</msg>
<msg timestamp="20240111 10:07:00.351" level="INFO">criteria is com.example.myapplication:id/textEndDate</msg>
<status status="PASS" starttime="20240111 10:06:59.678" endtime="20240111 10:07:00.351"/>
</kw>
<kw name="Wait Until Element Is Visible" library="AppiumLibrary">
<arg>${10Agst_EndDate_BookPage}</arg>
<doc>Waits until element specified with `locator` is visible.</doc>
<msg timestamp="20240111 10:07:01.218" level="INFO">xpath criteria: //*[@content-desc="10 August 2019"]
xpath criteria: //*[@content-desc="10 August 2019"]</msg>
<status status="PASS" starttime="20240111 10:07:00.351" endtime="20240111 10:07:01.218"/>
</kw>
<kw name="Click Element" library="AppiumLibrary">
<arg>${10Agst_EndDate_BookPage}</arg>
<doc>Click element identified by `locator`.</doc>
<msg timestamp="20240111 10:07:01.228" level="INFO">Clicking element '//*[@content-desc="10 August 2019"]'.</msg>
<msg timestamp="20240111 10:07:02.061" level="INFO">xpath criteria: //*[@content-desc="10 August 2019"]</msg>
<status status="PASS" starttime="20240111 10:07:01.219" endtime="20240111 10:07:02.061"/>
</kw>
<kw name="Click Element" library="AppiumLibrary">
<arg>${OK_EndDate_BookPage}</arg>
<doc>Click element identified by `locator`.</doc>
<msg timestamp="20240111 10:07:02.068" level="INFO">Clicking element '//*[@resource-id="android:id/button1"]'.</msg>
<msg timestamp="20240111 10:07:02.487" level="INFO">xpath criteria: //*[@resource-id="android:id/button1"]</msg>
<status status="PASS" starttime="20240111 10:07:02.062" endtime="20240111 10:07:02.488"/>
</kw>
<status status="PASS" starttime="20240111 10:06:59.677" endtime="20240111 10:07:02.488"/>
</kw>
<kw name="Click Flight Option" library="BookPage">
<kw name="Click Element" library="AppiumLibrary">
<arg>${FlightOption_BookPage}</arg>
<doc>Click element identified by `locator`.</doc>
<msg timestamp="20240111 10:07:02.500" level="INFO">Clicking element '//android.widget.RadioButton[@resource-id="com.example.myapplication:id/radioButtonFlight"]'.</msg>
<msg timestamp="20240111 10:07:03.167" level="INFO">xpath criteria: //android.widget.RadioButton[@resource-id="com.example.myapplication:id/radioButtonFlight"]</msg>
<status status="PASS" starttime="20240111 10:07:02.492" endtime="20240111 10:07:03.167"/>
</kw>
<status status="PASS" starttime="20240111 10:07:02.491" endtime="20240111 10:07:03.167"/>
</kw>
<kw name="Click Book Button" library="BookPage">
<kw name="Click Element" library="AppiumLibrary">
<arg>${Book_Button_BookPage}</arg>
<doc>Click element identified by `locator`.</doc>
<msg timestamp="20240111 10:07:03.179" level="INFO">Clicking element 'com.example.myapplication:id/book_flight'.</msg>
<msg timestamp="20240111 10:07:03.879" level="INFO">criteria is com.example.myapplication:id/book_flight</msg>
<status status="PASS" starttime="20240111 10:07:03.169" endtime="20240111 10:07:03.879"/>
</kw>
<status status="PASS" starttime="20240111 10:07:03.168" endtime="20240111 10:07:03.880"/>
</kw>
<kw name="Click Confirmation Price" library="ConfirmationBookPage">
<kw name="Wait Until Page Contains Element" library="AppiumLibrary">
<arg>${ConfirmationBookPage}</arg>
<doc>Waits until element specified with `locator` appears on current page.</doc>
<msg timestamp="20240111 10:07:04.939" level="INFO">xpath criteria: //android.widget.TextView[@resource-id="com.example.myapplication:id/textView6"]
xpath criteria: //android.widget.TextView[@resource-id="com.example.myapplication:id/textView6"]</msg>
<status status="PASS" starttime="20240111 10:07:03.883" endtime="20240111 10:07:04.940"/>
</kw>
<kw name="Click Element" library="AppiumLibrary">
<arg>${Price_Button}</arg>
<doc>Click element identified by `locator`.</doc>
<msg timestamp="20240111 10:07:04.948" level="INFO">Clicking element '//*[@resource-id="com.example.myapplication:id/price5"]'.</msg>
<msg timestamp="20240111 10:07:05.083" level="INFO">xpath criteria: //*[@resource-id="com.example.myapplication:id/price5"]</msg>
<status status="PASS" starttime="20240111 10:07:04.940" endtime="20240111 10:07:05.084"/>
</kw>
<kw name="Click Element" library="AppiumLibrary">
<arg>${Confirmation_Button}</arg>
<doc>Click element identified by `locator`.</doc>
<msg timestamp="20240111 10:07:05.094" level="INFO">Clicking element '//*[@resource-id="com.example.myapplication:id/confirm_order"]'.</msg>
<msg timestamp="20240111 10:07:05.933" level="INFO">xpath criteria: //*[@resource-id="com.example.myapplication:id/confirm_order"]</msg>
<status status="PASS" starttime="20240111 10:07:05.084" endtime="20240111 10:07:05.933"/>
</kw>
<status status="PASS" starttime="20240111 10:07:03.881" endtime="20240111 10:07:05.934"/>
</kw>
<kw name="Verify Booking Process Success" library="ConfirmationBookPage">
<kw name="Wait Until Element Is Visible" library="AppiumLibrary">
<arg>${ConfirmationMessage}</arg>
<doc>Waits until element specified with `locator` is visible.</doc>
<msg timestamp="20240111 10:07:06.839" level="INFO">xpath criteria: //android.widget.CheckedTextView[@resource-id="com.example.myapplication:id/checkedTextView"]
xpath criteria: //android.widget.CheckedTextView[@resource-id="com.example.myapplication:id/checkedTextView"]</msg>
<status status="PASS" starttime="20240111 10:07:05.936" endtime="20240111 10:07:06.839"/>
</kw>
<status status="PASS" starttime="20240111 10:07:05.935" endtime="20240111 10:07:06.839"/>
</kw>
<kw name="Close Flight Application" library="base" type="TEARDOWN">
<kw name="Close Application" library="AppiumLibrary">
<doc>Closes the current application and also close webdriver session.</doc>
<status status="PASS" starttime="20240111 10:07:06.842" endtime="20240111 10:07:08.055"/>
</kw>
<status status="PASS" starttime="20240111 10:07:06.841" endtime="20240111 10:07:08.055"/>
</kw>
<status status="PASS" starttime="20240111 10:06:33.030" endtime="20240111 10:07:08.056"/>
</test>
<status status="PASS" starttime="20240111 10:06:32.512" endtime="20240111 10:07:08.059"/>
</suite>
<statistics>
<total>
<stat pass="1" fail="0" skip="0">All Tests</stat>
</total>
<tag>
</tag>
<suite>
<stat pass="1" fail="0" skip="0" id="s1" name="BookFlight">BookFlight</stat>
</suite>
</statistics>
<errors>
</errors>
</robot>
